<?xml version="1.0" encoding="UTF-8"?>
<testng-results skipped="0" failed="0" ignored="0" total="4" passed="4">
  <reporter-output>
  </reporter-output>
  <suite name="Default suite" duration-ms="46" started-at="2018-04-18T05:10:00Z" finished-at="2018-04-18T05:10:00Z">
    <groups>
    </groups>
    <test name="Default test" duration-ms="46" started-at="2018-04-18T05:10:00Z" finished-at="2018-04-18T05:10:00Z">
      <class name="com.zone.methmal.Hello">
        <test-method status="PASS" signature="beforeSuite()[pri:0, instance:com.zone.methmal.Hello@61832929]" name="beforeSuite" is-config="true" duration-ms="14" started-at="2018-04-18T10:40:00Z" finished-at="2018-04-18T10:40:00Z">
          <reporter-output>
          </reporter-output>
        </test-method> <!-- beforeSuite -->
        <test-method status="PASS" signature="beforeTest()[pri:0, instance:com.zone.methmal.Hello@61832929]" name="beforeTest" is-config="true" duration-ms="1" started-at="2018-04-18T10:40:00Z" finished-at="2018-04-18T10:40:00Z">
          <reporter-output>
          </reporter-output>
        </test-method> <!-- beforeTest -->
        <test-method status="PASS" signature="beforeClass()[pri:0, instance:com.zone.methmal.Hello@61832929]" name="beforeClass" is-config="true" duration-ms="0" started-at="2018-04-18T10:40:00Z" finished-at="2018-04-18T10:40:00Z">
          <reporter-output>
          </reporter-output>
        </test-method> <!-- beforeClass -->
        <test-method status="PASS" signature="beforeMethod()[pri:0, instance:com.zone.methmal.Hello@61832929]" name="beforeMethod" is-config="true" duration-ms="0" started-at="2018-04-18T10:40:00Z" finished-at="2018-04-18T10:40:00Z">
          <reporter-output>
          </reporter-output>
        </test-method> <!-- beforeMethod -->
        <test-method status="PASS" signature="main()[pri:0, instance:com.zone.methmal.Hello@61832929]" name="main" duration-ms="7" started-at="2018-04-18T10:40:00Z" finished-at="2018-04-18T10:40:00Z">
          <reporter-output>
          </reporter-output>
        </test-method> <!-- main -->
        <test-method status="PASS" signature="afterMethod()[pri:0, instance:com.zone.methmal.Hello@61832929]" name="afterMethod" is-config="true" duration-ms="0" started-at="2018-04-18T10:40:00Z" finished-at="2018-04-18T10:40:00Z">
          <reporter-output>
          </reporter-output>
        </test-method> <!-- afterMethod -->
        <test-method status="PASS" signature="main1()[pri:0, instance:com.zone.methmal.Hello@61832929]" name="main1" duration-ms="1" started-at="2018-04-18T10:40:00Z" finished-at="2018-04-18T10:40:00Z">
          <reporter-output>
          </reporter-output>
        </test-method> <!-- main1 -->
        <test-method status="PASS" signature="beforeMethod()[pri:0, instance:com.zone.methmal.Hello@61832929]" name="beforeMethod" is-config="true" duration-ms="0" started-at="2018-04-18T10:40:00Z" finished-at="2018-04-18T10:40:00Z">
          <reporter-output>
          </reporter-output>
        </test-method> <!-- beforeMethod -->
        <test-method status="PASS" signature="afterMethod()[pri:0, instance:com.zone.methmal.Hello@61832929]" name="afterMethod" is-config="true" duration-ms="0" started-at="2018-04-18T10:40:00Z" finished-at="2018-04-18T10:40:00Z">
          <reporter-output>
          </reporter-output>
        </test-method> <!-- afterMethod -->
        <test-method status="PASS" signature="beforeMethod()[pri:0, instance:com.zone.methmal.Hello@61832929]" name="beforeMethod" is-config="true" duration-ms="0" started-at="2018-04-18T10:40:00Z" finished-at="2018-04-18T10:40:00Z">
          <reporter-output>
          </reporter-output>
        </test-method> <!-- beforeMethod -->
        <test-method status="PASS" signature="main2()[pri:1, instance:com.zone.methmal.Hello@61832929]" name="main2" duration-ms="3" started-at="2018-04-18T10:40:00Z" finished-at="2018-04-18T10:40:00Z">
          <reporter-output>
          </reporter-output>
        </test-method> <!-- main2 -->
        <test-method status="PASS" signature="afterMethod()[pri:0, instance:com.zone.methmal.Hello@61832929]" name="afterMethod" is-config="true" duration-ms="0" started-at="2018-04-18T10:40:00Z" finished-at="2018-04-18T10:40:00Z">
          <reporter-output>
          </reporter-output>
        </test-method> <!-- afterMethod -->
        <test-method status="PASS" signature="main3()[pri:2, instance:com.zone.methmal.Hello@61832929]" name="main3" duration-ms="2" started-at="2018-04-18T10:40:00Z" finished-at="2018-04-18T10:40:00Z">
          <reporter-output>
          </reporter-output>
        </test-method> <!-- main3 -->
        <test-method status="PASS" signature="beforeMethod()[pri:0, instance:com.zone.methmal.Hello@61832929]" name="beforeMethod" is-config="true" duration-ms="0" started-at="2018-04-18T10:40:00Z" finished-at="2018-04-18T10:40:00Z">
          <reporter-output>
          </reporter-output>
        </test-method> <!-- beforeMethod -->
        <test-method status="PASS" signature="afterMethod()[pri:0, instance:com.zone.methmal.Hello@61832929]" name="afterMethod" is-config="true" duration-ms="0" started-at="2018-04-18T10:40:00Z" finished-at="2018-04-18T10:40:00Z">
          <reporter-output>
          </reporter-output>
        </test-method> <!-- afterMethod -->
        <test-method status="PASS" signature="afterClass()[pri:0, instance:com.zone.methmal.Hello@61832929]" name="afterClass" is-config="true" duration-ms="1" started-at="2018-04-18T10:40:00Z" finished-at="2018-04-18T10:40:00Z">
          <reporter-output>
          </reporter-output>
        </test-method> <!-- afterClass -->
        <test-method status="PASS" signature="afterTest()[pri:0, instance:com.zone.methmal.Hello@61832929]" name="afterTest" is-config="true" duration-ms="0" started-at="2018-04-18T10:40:00Z" finished-at="2018-04-18T10:40:00Z">
          <reporter-output>
          </reporter-output>
        </test-method> <!-- afterTest -->
        <test-method status="PASS" signature="afterSuite()[pri:0, instance:com.zone.methmal.Hello@61832929]" name="afterSuite" is-config="true" duration-ms="1" started-at="2018-04-18T10:40:00Z" finished-at="2018-04-18T10:40:00Z">
          <reporter-output>
          </reporter-output>
        </test-method> <!-- afterSuite -->
      </class> <!-- com.zone.methmal.Hello -->
    </test> <!-- Default test -->
  </suite> <!-- Default suite -->
</testng-results>
